f1-score:   0.552
classification report:
             precision    recall  f1-score   support

campaigners       0.64      0.52      0.58        61
    neutral       0.50      0.62      0.55        47

avg / total       0.58      0.56      0.57       108

f1-score:   0.566
classification report:
             precision    recall  f1-score   support

campaigners       0.67      0.60      0.63        62
    neutral       0.53      0.61      0.57        46

avg / total       0.61      0.60      0.60       108

f1-score:   0.661
classification report:
             precision    recall  f1-score   support

campaigners       0.85      0.37      0.52        62
    neutral       0.52      0.91      0.66        46

avg / total       0.71      0.60      0.58       108

f1-score:   0.342
classification report:
             precision    recall  f1-score   support

campaigners       0.52      0.83      0.64        54
    neutral       0.59      0.24      0.34        54

avg / total       0.56      0.54      0.49       108

f1-score:   0.593
classification report:
             precision    recall  f1-score   support

campaigners       0.69      0.72      0.70        61
    neutral       0.61      0.57      0.59        47

avg / total       0.66      0.66      0.66       108

RyanfromJersey :  Campaigner
SASSIE163 :  Neutral
Streetglidin09 :  Neutral
StudSlayer :  Campaigner
Stupefix_ :  Neutral
StupidManWaka :  Neutral
SuJuNevvs :  Campaigner
SuJu_Wifey :  Neutral
SuSu4u12 :  Neutral
SuburbanLucy :  Neutral
Succubus_aoi :  Campaigner
SuckkOnMyTweets :  Campaigner
Sudieyk3 :  Neutral
SueHM :  Campaigner
SugarCocaine_ :  Campaigner
SujuFor_ELFindo :  Neutral
SulledOut :  Campaigner
SultanAlQassemi :  Campaigner
SummerDepp :  Neutral
Summer_Faery :  Neutral
